<?xml version="1.0" encoding="UTF-8"?>
<!-- Generated by org.testng.reporters.JUnitXMLReporter -->
<testsuite ignored="0" hostname="DESKTOP-OA82GFD" failures="1" tests="3" name="Test" time="0.058" errors="0" timestamp="2024-03-06T09:06:58 IST">
  <testcase classname="Listeners_tng.ListenersExample" name="Sentitem" time="0.012">
    <failure type="java.lang.AssertionError" message="null">
      <![CDATA[java.lang.AssertionError: null
at Listeners_tng.ListenersExample.Sentitem(ListenersExample.java:16)
at java.base/java.util.ArrayList.forEach(ArrayList.java:1511)
... Removed 29 stack frames]]>
    </failure>
  </testcase> <!-- Sentitem -->
  <testcase classname="Listeners_tng.ListenersExample" name="Compose" time="0.001"/>
  <testcase classname="Listeners_tng.ListenersExample" name="trash" time="0.0">
    <skipped/>
  </testcase> <!-- trash -->
</testsuite> <!-- Test -->
