<?xml version="1.0" encoding="UTF-8"?>
<testng-results ignored="0" total="2" passed="2" failed="0" skipped="0">
  <reporter-output>
  </reporter-output>
  <suite started-at="2024-03-09T12:47:56 IST" name="Default suite" finished-at="2024-03-09T12:48:26 IST" duration-ms="29843">
    <groups>
    </groups>
    <test started-at="2024-03-09T12:47:56 IST" name="Default test" finished-at="2024-03-09T12:48:26 IST" duration-ms="29843">
      <class name="Runnerclass.fbrunner">
        <test-method is-config="true" signature="openappln()[pri:0, instance:Runnerclass.fbrunner@2f217633]" started-at="2024-03-09T12:47:56 IST" name="openappln" finished-at="2024-03-09T12:48:03 IST" duration-ms="6493" status="PASS">
          <reporter-output>
          </reporter-output>
        </test-method> <!-- openappln -->
        <test-method signature="logfb(java.lang.String,java.lang.String)[pri:0, instance:Runnerclass.fbrunner@2f217633]" started-at="2024-03-09T12:48:03 IST" name="logfb" data-provider="test1" finished-at="2024-03-09T12:48:13 IST" duration-ms="10008" status="PASS">
          <params>
            <param index="0">
              <value>
                <![CDATA[shashikanth@gmail.com]]>
              </value>
            </param>
            <param index="1">
              <value>
                <![CDATA[shashi@123]]>
              </value>
            </param>
          </params>
          <reporter-output>
          </reporter-output>
        </test-method> <!-- logfb -->
        <test-method is-config="true" signature="closeappln(org.testng.ITestResult)[pri:0, instance:Runnerclass.fbrunner@2f217633]" started-at="2024-03-09T12:48:13 IST" name="closeappln" finished-at="2024-03-09T12:48:14 IST" duration-ms="1188" status="PASS">
          <params>
            <param index="0">
              <value>
                <![CDATA[[TestResult name=logfb status=SUCCESS method=fbrunner.logfb(java.lang.String,java.lang.String)[pri:0, instance:Runnerclass.fbrunner@2f217633] output={null}]]]>
              </value>
            </param>
          </params>
          <reporter-output>
          </reporter-output>
        </test-method> <!-- closeappln -->
        <test-method is-config="true" signature="openappln()[pri:0, instance:Runnerclass.fbrunner@2f217633]" started-at="2024-03-09T12:48:14 IST" name="openappln" finished-at="2024-03-09T12:48:18 IST" duration-ms="4554" status="PASS">
          <reporter-output>
          </reporter-output>
        </test-method> <!-- openappln -->
        <test-method signature="logfb(java.lang.String,java.lang.String)[pri:0, instance:Runnerclass.fbrunner@2f217633]" started-at="2024-03-09T12:48:18 IST" name="logfb" data-provider="test1" finished-at="2024-03-09T12:48:26 IST" duration-ms="7476" status="PASS">
          <params>
            <param index="0">
              <value>
                <![CDATA[santhosh@gmail.com]]>
              </value>
            </param>
            <param index="1">
              <value>
                <![CDATA[santhosh@123]]>
              </value>
            </param>
          </params>
          <reporter-output>
          </reporter-output>
        </test-method> <!-- logfb -->
        <test-method is-config="true" signature="closeappln(org.testng.ITestResult)[pri:0, instance:Runnerclass.fbrunner@2f217633]" started-at="2024-03-09T12:48:26 IST" name="closeappln" finished-at="2024-03-09T12:48:26 IST" duration-ms="70" status="FAIL">
          <params>
            <param index="0">
              <value>
                <![CDATA[[TestResult name=logfb status=SUCCESS method=fbrunner.logfb(java.lang.String,java.lang.String)[pri:0, instance:Runnerclass.fbrunner@2f217633] output={null}]]]>
              </value>
            </param>
          </params>
          <exception class="org.openqa.selenium.NoSuchWindowException">
            <message>
              <![CDATA[Browsing context has been discarded
Build info: version: '3.141.59', revision: 'e82be7d358', time: '2018-11-14T08:25:53'
System info: host: 'DESKTOP-OA82GFD', ip: '192.168.131.110', os.name: 'Windows 11', os.arch: 'amd64', os.version: '10.0', java.version: '17.0.9'
Driver info: org.openqa.selenium.firefox.FirefoxDriver
Capabilities {acceptInsecureCerts: true, browserName: firefox, browserVersion: 123.0, javascriptEnabled: true, moz:accessibilityChecks: false, moz:buildID: 20240213221259, moz:geckodriverVersion: 0.33.0, moz:headless: false, moz:platformVersion: 10.0, moz:processID: 9960, moz:profile: C:\Users\SHASHI~1\AppData\L..., moz:shutdownTimeout: 60000, moz:webdriverClick: true, moz:windowless: false, pageLoadStrategy: normal, platform: WINDOWS, platformName: WINDOWS, proxy: Proxy(), setWindowRect: true, strictFileInteractability: false, timeouts: {implicit: 0, pageLoad: 300000, script: 30000}, unhandledPromptBehavior: dismiss and notify}
Session ID: 11af0b37-9b05-4b0c-8049-da8a2a7f3b98]]>
            </message>
            <full-stacktrace>
              <![CDATA[org.openqa.selenium.NoSuchWindowException: Browsing context has been discarded
Build info: version: '3.141.59', revision: 'e82be7d358', time: '2018-11-14T08:25:53'
System info: host: 'DESKTOP-OA82GFD', ip: '192.168.131.110', os.name: 'Windows 11', os.arch: 'amd64', os.version: '10.0', java.version: '17.0.9'
Driver info: org.openqa.selenium.firefox.FirefoxDriver
Capabilities {acceptInsecureCerts: true, browserName: firefox, browserVersion: 123.0, javascriptEnabled: true, moz:accessibilityChecks: false, moz:buildID: 20240213221259, moz:geckodriverVersion: 0.33.0, moz:headless: false, moz:platformVersion: 10.0, moz:processID: 9960, moz:profile: C:\Users\SHASHI~1\AppData\L..., moz:shutdownTimeout: 60000, moz:webdriverClick: true, moz:windowless: false, pageLoadStrategy: normal, platform: WINDOWS, platformName: WINDOWS, proxy: Proxy(), setWindowRect: true, strictFileInteractability: false, timeouts: {implicit: 0, pageLoad: 300000, script: 30000}, unhandledPromptBehavior: dismiss and notify}
Session ID: 11af0b37-9b05-4b0c-8049-da8a2a7f3b98
at java.base/jdk.internal.reflect.NativeConstructorAccessorImpl.newInstance0(Native Method)
at java.base/jdk.internal.reflect.NativeConstructorAccessorImpl.newInstance(NativeConstructorAccessorImpl.java:77)
at java.base/jdk.internal.reflect.DelegatingConstructorAccessorImpl.newInstance(DelegatingConstructorAccessorImpl.java:45)
at java.base/java.lang.reflect.Constructor.newInstanceWithCaller(Constructor.java:499)
at java.base/java.lang.reflect.Constructor.newInstance(Constructor.java:480)
at org.openqa.selenium.remote.http.W3CHttpResponseCodec.createException(W3CHttpResponseCodec.java:187)
at org.openqa.selenium.remote.http.W3CHttpResponseCodec.decode(W3CHttpResponseCodec.java:122)
at org.openqa.selenium.remote.http.W3CHttpResponseCodec.decode(W3CHttpResponseCodec.java:49)
at org.openqa.selenium.remote.HttpCommandExecutor.execute(HttpCommandExecutor.java:158)
at org.openqa.selenium.remote.service.DriverCommandExecutor.execute(DriverCommandExecutor.java:83)
at org.openqa.selenium.remote.RemoteWebDriver.execute(RemoteWebDriver.java:552)
at org.openqa.selenium.remote.RemoteWebDriver.execute(RemoteWebDriver.java:609)
at org.openqa.selenium.remote.RemoteWebDriver.close(RemoteWebDriver.java:442)
at Genric.Baseclass.closeappln(Baseclass.java:33)
at java.base/jdk.internal.reflect.NativeMethodAccessorImpl.invoke0(Native Method)
at java.base/jdk.internal.reflect.NativeMethodAccessorImpl.invoke(NativeMethodAccessorImpl.java:77)
at java.base/jdk.internal.reflect.DelegatingMethodAccessorImpl.invoke(DelegatingMethodAccessorImpl.java:43)
at java.base/java.lang.reflect.Method.invoke(Method.java:568)
at org.testng.internal.MethodInvocationHelper.invokeMethod(MethodInvocationHelper.java:133)
at org.testng.internal.MethodInvocationHelper.invokeMethodConsideringTimeout(MethodInvocationHelper.java:62)
at org.testng.internal.ConfigInvoker.invokeConfigurationMethod(ConfigInvoker.java:385)
at org.testng.internal.ConfigInvoker.invokeConfigurations(ConfigInvoker.java:321)
at org.testng.internal.TestInvoker.runConfigMethods(TestInvoker.java:700)
at org.testng.internal.TestInvoker.runAfterGroupsConfigurations(TestInvoker.java:676)
at org.testng.internal.TestInvoker.invokeMethod(TestInvoker.java:660)
at org.testng.internal.TestInvoker.invokeTestMethod(TestInvoker.java:173)
at org.testng.internal.MethodRunner.runInSequence(MethodRunner.java:46)
at org.testng.internal.TestInvoker$MethodInvocationAgent.invoke(TestInvoker.java:824)
at org.testng.internal.TestInvoker.invokeTestMethods(TestInvoker.java:146)
at org.testng.internal.TestMethodWorker.invokeTestMethods(TestMethodWorker.java:146)
at org.testng.internal.TestMethodWorker.run(TestMethodWorker.java:128)
at java.base/java.util.ArrayList.forEach(ArrayList.java:1511)
at org.testng.TestRunner.privateRun(TestRunner.java:794)
at org.testng.TestRunner.run(TestRunner.java:596)
at org.testng.SuiteRunner.runTest(SuiteRunner.java:377)
at org.testng.SuiteRunner.runSequentially(SuiteRunner.java:371)
at org.testng.SuiteRunner.privateRun(SuiteRunner.java:332)
at org.testng.SuiteRunner.run(SuiteRunner.java:276)
at org.testng.SuiteRunnerWorker.runSuite(SuiteRunnerWorker.java:53)
at org.testng.SuiteRunnerWorker.run(SuiteRunnerWorker.java:96)
at org.testng.TestNG.runSuitesSequentially(TestNG.java:1212)
at org.testng.TestNG.runSuitesLocally(TestNG.java:1134)
at org.testng.TestNG.runSuites(TestNG.java:1063)
at org.testng.TestNG.run(TestNG.java:1031)
at org.testng.remote.AbstractRemoteTestNG.run(AbstractRemoteTestNG.java:115)
at org.testng.remote.RemoteTestNG.initAndRun(RemoteTestNG.java:251)
at org.testng.remote.RemoteTestNG.main(RemoteTestNG.java:77)
]]>
            </full-stacktrace>
          </exception> <!-- org.openqa.selenium.NoSuchWindowException -->
          <reporter-output>
          </reporter-output>
        </test-method> <!-- closeappln -->
      </class> <!-- Runnerclass.fbrunner -->
    </test> <!-- Default test -->
  </suite> <!-- Default suite -->
</testng-results>
